<?xml version="1.0" encoding="UTF-8"?>
<!-- Generated by org.testng.reporters.JUnitXMLReporter -->
<testsuite ignored="0" hostname="DESKTOP-3CKMDVP" failures="0" tests="4" name="Test" time="97.213" errors="0" timestamp="2025-03-27T11:52:03 IST">
  <testcase classname="com.tests.HomeTest" name="loginTest" time="0.127"/>
  <testcase classname="com.tests.RegisterTest" name="Register" time="7.095"/>
  <testcase classname="com.tests.RegisterTest" name="Register" time="15.375"/>
  <testcase classname="com.tests.RegisterTest" name="Register" time="7.003"/>
</testsuite> <!-- Test -->
