<?xml version="1.0" encoding="UTF-8"?>
<!-- Generated by org.testng.reporters.JUnitXMLReporter -->
<testsuite ignored="0" hostname="DESKTOP-3CKMDVP" failures="0" tests="3" name="search" time="18.017" errors="0" timestamp="2025-03-26T09:25:31 IST">
  <testcase classname="com.dp.DataProviderExcel" name="search" time="8.682"/>
  <testcase classname="com.dp.DataProviderExcel" name="search" time="9.499"/>
  <testcase classname="com.dp.DataProviderExcel" name="search" time="11.882"/>
</testsuite> <!-- search -->
