<?xml version="1.0" encoding="UTF-8"?>
<testng-results ignored="0" total="1" passed="1" failed="0" skipped="0">
  <reporter-output>
  </reporter-output>
  <suite started-at="2025-04-09T09:18:11 IST" name="Suite" finished-at="2025-04-09T09:24:20 IST" duration-ms="369681">
    <groups>
    </groups>
    <test started-at="2025-04-09T09:18:11 IST" name="Test" finished-at="2025-04-09T09:24:20 IST" duration-ms="369681">
      <class name="com.dp.Fileupload1">
        <test-method is-config="true" signature="setup()[pri:0, instance:com.dp.Fileupload1@3fc2959f]" started-at="2025-04-09T09:18:11 IST" name="setup" finished-at="2025-04-09T09:24:07 IST" duration-ms="356136" status="PASS">
          <reporter-output>
          </reporter-output>
        </test-method> <!-- setup -->
        <test-method signature="uploadFileTest()[pri:0, instance:com.dp.Fileupload1@3fc2959f]" started-at="2025-04-09T09:24:07 IST" name="uploadFileTest" finished-at="2025-04-09T09:24:17 IST" duration-ms="10068" status="PASS">
          <reporter-output>
          </reporter-output>
        </test-method> <!-- uploadFileTest -->
        <test-method is-config="true" signature="teardown()[pri:0, instance:com.dp.Fileupload1@3fc2959f]" started-at="2025-04-09T09:24:17 IST" name="teardown" finished-at="2025-04-09T09:24:20 IST" duration-ms="3391" status="PASS">
          <reporter-output>
          </reporter-output>
        </test-method> <!-- teardown -->
      </class> <!-- com.dp.Fileupload1 -->
    </test> <!-- Test -->
  </suite> <!-- Suite -->
</testng-results>
